<?xml version="1.0" encoding="UTF-8"?>
<!-- Generated by org.testng.reporters.JUnitReportReporter -->
<testsuite skipped="0" hostname="ADFL-1312" name="tests.selenium.TC002_CreateIncidentAndGetFromRest" tests="1" failures="0" timestamp="2021-10-16T11:58:13 IST" time="38.257" errors="0">
  <testcase name="createIncident" time="38.257" classname="tests.selenium.TC002_CreateIncidentAndGetFromRest"/>
  <system-out/>
</testsuite> <!-- tests.selenium.TC002_CreateIncidentAndGetFromRest -->
