<?xml version="1.0" encoding="UTF-8"?>
<!-- Generated by org.testng.reporters.JUnitReportReporter -->
<testsuite skipped="0" hostname="ADFL-1312" name="tests.selenium.TC001_CreateIncident" tests="1" failures="0" timestamp="2021-09-18T11:51:16 IST" time="34.825" errors="0">
  <testcase name="createIncident" time="34.825" classname="tests.selenium.TC001_CreateIncident"/>
  <system-out/>
</testsuite> <!-- tests.selenium.TC001_CreateIncident -->
