<?xml version="1.0" encoding="UTF-8"?>
<!-- Generated by org.testng.reporters.JUnitReportReporter -->
<testsuite skipped="0" hostname="ADFL-1312" name="tests.rest.TC002_GetIncident" tests="1" failures="0" timestamp="2021-10-16T08:43:10 IST" time="5.733" errors="0">
  <testcase name="createIncident" time="5.733" classname="tests.rest.TC002_GetIncident"/>
  <system-out/>
</testsuite> <!-- tests.rest.TC002_GetIncident -->
