<?xml version="1.0" encoding="UTF-8"?>
<!-- Generated by org.testng.reporters.JUnitReportReporter -->
<testsuite skipped="0" hostname="ADFL-1312" name="tests.selenium.TC003_CreateIncidentUsingRestAndVerifyUsingSelenium" tests="1" failures="0" timestamp="2021-09-18T11:55:35 IST" time="21.151" errors="0">
  <testcase name="createIncident" time="21.151" classname="tests.selenium.TC003_CreateIncidentUsingRestAndVerifyUsingSelenium"/>
  <system-out/>
</testsuite> <!-- tests.selenium.TC003_CreateIncidentUsingRestAndVerifyUsingSelenium -->
