<?xml version="1.0" encoding="UTF-8"?>
<!-- Generated by org.testng.reporters.JUnitReportReporter -->
<testsuite skipped="0" hostname="ADFL-1312" name="tests.rest.TC001_CreateIncident" tests="1" failures="0" timestamp="2021-10-16T11:56:42 IST" time="5.272" errors="0">
  <testcase name="createIncident" time="5.272" classname="tests.rest.TC001_CreateIncident"/>
  <system-out/>
</testsuite> <!-- tests.rest.TC001_CreateIncident -->
